# JRE version: OpenJDK Runtime Environment (8.0_152-b01) (build 1.8.0_152-release-915-b01)
# Java VM: OpenJDK 64-Bit Server VM (25.152-b01 mixed mode windows-amd64 compressed oops)
Heap:
 PSYoungGen      total 345088K, used 138681K [0x00000000e0000000, 0x00000000fdf00000, 0x0000000100000000)
  eden space 332800K, 38% used [0x00000000e0000000,0x00000000e7babd90,0x00000000f4500000)
  from space 12288K, 98% used [0x00000000f5080000,0x00000000f5c42a68,0x00000000f5c80000)
  to   space 78848K, 0% used [0x00000000f9200000,0x00000000f9200000,0x00000000fdf00000)
 ParOldGen       total 264704K, used 110587K [0x00000000a0000000, 0x00000000b0280000, 0x00000000e0000000)
  object space 264704K, 41% used [0x00000000a0000000,0x00000000a6bfef68,0x00000000b0280000)
 Metaspace       used 89492K, capacity 99998K, committed 102036K, reserved 1136640K
  class space    used 11142K, capacity 13860K, committed 14268K, reserved 1048576K
GC Heap History (10 events):
Event: 7997.927 GC heap before
{Heap before GC invocations=154 (full 5):
 PSYoungGen      total 446464K, used 415635K [0x00000000e0000000, 0x00000000ffd80000, 0x0000000100000000)
  eden space 374272K, 100% used [0x00000000e0000000,0x00000000f6d80000,0x00000000f6d80000)
  from space 72192K, 57% used [0x00000000fb700000,0x00000000fdf64c58,0x00000000ffd80000)
  to   space 73728K, 0% used [0x00000000f6d80000,0x00000000f6d80000,0x00000000fb580000)
 ParOldGen       total 264704K, used 109396K [0x00000000a0000000, 0x00000000b0280000, 0x00000000e0000000)
  object space 264704K, 41% used [0x00000000a0000000,0x00000000a6ad5218,0x00000000b0280000)
 Metaspace       used 89258K, capacity 99554K, committed 101652K, reserved 1136640K
  class space    used 11101K, capacity 13727K, committed 14140K, reserved 1048576K
Event: 7997.947 GC heap after
Heap after GC invocations=154 (full 5):
 PSYoungGen      total 448000K, used 48497K [0x00000000e0000000, 0x0000000100000000, 0x0000000100000000)
  eden space 374272K, 0% used [0x00000000e0000000,0x00000000e0000000,0x00000000f6d80000)
  from space 73728K, 65% used [0x00000000f6d80000,0x00000000f9cdc440,0x00000000fb580000)
  to   space 76288K, 0% used [0x00000000fb580000,0x00000000fb580000,0x0000000100000000)
 ParOldGen       total 264704K, used 109404K [0x00000000a0000000, 0x00000000b0280000, 0x00000000e0000000)
  object space 264704K, 41% used [0x00000000a0000000,0x00000000a6ad7218,0x00000000b0280000)
 Metaspace       used 89258K, capacity 99554K, committed 101652K, reserved 1136640K
  class space    used 11101K, capacity 13727K, committed 14140K, reserved 1048576K
}
Event: 8927.754 GC heap before
{Heap before GC invocations=155 (full 5):
 PSYoungGen      total 448000K, used 422769K [0x00000000e0000000, 0x0000000100000000, 0x0000000100000000)
  eden space 374272K, 100% used [0x00000000e0000000,0x00000000f6d80000,0x00000000f6d80000)
  from space 73728K, 65% used [0x00000000f6d80000,0x00000000f9cdc440,0x00000000fb580000)
  to   space 76288K, 0% used [0x00000000fb580000,0x00000000fb580000,0x0000000100000000)
 ParOldGen       total 264704K, used 109404K [0x00000000a0000000, 0x00000000b0280000, 0x00000000e0000000)
  object space 264704K, 41% used [0x00000000a0000000,0x00000000a6ad7218,0x00000000b0280000)
 Metaspace       used 89303K, capacity 99678K, committed 101652K, reserved 1136640K
  class space    used 11112K, capacity 13767K, committed 14140K, reserved 1048576K
Event: 8927.801 GC heap after
Heap after GC invocations=155 (full 5):
 PSYoungGen      total 428544K, used 68865K [0x00000000e0000000, 0x0000000100000000, 0x0000000100000000)
  eden space 352256K, 0% used [0x00000000e0000000,0x00000000e0000000,0x00000000f5800000)
  from space 76288K, 90% used [0x00000000fb580000,0x00000000ff8c0468,0x0000000100000000)
  to   space 86016K, 0% used [0x00000000f5800000,0x00000000f5800000,0x00000000fac00000)
 ParOldGen       total 264704K, used 109508K [0x00000000a0000000, 0x00000000b0280000, 0x00000000e0000000)
  object space 264704K, 41% used [0x00000000a0000000,0x00000000a6af1218,0x00000000b0280000)
 Metaspace       used 89303K, capacity 99678K, committed 101652K, reserved 1136640K
  class space    used 11112K, capacity 13767K, committed 14140K, reserved 1048576K
}
Event: 8932.099 GC heap before
{Heap before GC invocations=156 (full 5):
 PSYoungGen      total 428544K, used 421121K [0x00000000e0000000, 0x0000000100000000, 0x0000000100000000)
  eden space 352256K, 100% used [0x00000000e0000000,0x00000000f5800000,0x00000000f5800000)
  from space 76288K, 90% used [0x00000000fb580000,0x00000000ff8c0468,0x0000000100000000)
  to   space 86016K, 0% used [0x00000000f5800000,0x00000000f5800000,0x00000000fac00000)
 ParOldGen       total 264704K, used 109508K [0x00000000a0000000, 0x00000000b0280000, 0x00000000e0000000)
  object space 264704K, 41% used [0x00000000a0000000,0x00000000a6af1218,0x00000000b0280000)
 Metaspace       used 89303K, capacity 99678K, committed 101652K, reserved 1136640K
  class space    used 11112K, capacity 13767K, committed 14140K, reserved 1048576K
Event: 8932.111 GC heap after
Heap after GC invocations=156 (full 5):
 PSYoungGen      total 355840K, used 15255K [0x00000000e0000000, 0x00000000ff080000, 0x0000000100000000)
  eden space 340480K, 0% used [0x00000000e0000000,0x00000000e0000000,0x00000000f4c80000)
  from space 15360K, 99% used [0x00000000f5800000,0x00000000f66e5f78,0x00000000f6700000)
  to   space 83968K, 0% used [0x00000000f9e80000,0x00000000f9e80000,0x00000000ff080000)
 ParOldGen       total 264704K, used 109668K [0x00000000a0000000, 0x00000000b0280000, 0x00000000e0000000)
  object space 264704K, 41% used [0x00000000a0000000,0x00000000a6b19218,0x00000000b0280000)
 Metaspace       used 89303K, capacity 99678K, committed 101652K, reserved 1136640K
  class space    used 11112K, capacity 13767K, committed 14140K, reserved 1048576K
}
Event: 8934.310 GC heap before
{Heap before GC invocations=157 (full 5):
 PSYoungGen      total 355840K, used 355735K [0x00000000e0000000, 0x00000000ff080000, 0x0000000100000000)
  eden space 340480K, 100% used [0x00000000e0000000,0x00000000f4c80000,0x00000000f4c80000)
  from space 15360K, 99% used [0x00000000f5800000,0x00000000f66e5f78,0x00000000f6700000)
  to   space 83968K, 0% used [0x00000000f9e80000,0x00000000f9e80000,0x00000000ff080000)
 ParOldGen       total 264704K, used 109668K [0x00000000a0000000, 0x00000000b0280000, 0x00000000e0000000)
  object space 264704K, 41% used [0x00000000a0000000,0x00000000a6b19218,0x00000000b0280000)
 Metaspace       used 89322K, capacity 99692K, committed 101652K, reserved 1136640K
  class space    used 11114K, capacity 13769K, committed 14140K, reserved 1048576K
Event: 8934.328 GC heap after
Heap after GC invocations=157 (full 5):
 PSYoungGen      total 428544K, used 28762K [0x00000000e0000000, 0x0000000100000000, 0x0000000100000000)
  eden space 344576K, 0% used [0x00000000e0000000,0x00000000e0000000,0x00000000f5080000)
  from space 83968K, 34% used [0x00000000f9e80000,0x00000000fba968e0,0x00000000ff080000)
  to   space 79872K, 0% used [0x00000000f5080000,0x00000000f5080000,0x00000000f9e80000)
 ParOldGen       total 264704K, used 109947K [0x00000000a0000000, 0x00000000b0280000, 0x00000000e0000000)
  object space 264704K, 41% used [0x00000000a0000000,0x00000000a6b5ef68,0x00000000b0280000)
 Metaspace       used 89322K, capacity 99692K, committed 101652K, reserved 1136640K
  class space    used 11114K, capacity 13769K, committed 14140K, reserved 1048576K
}
Event: 9003.685 GC heap before
{Heap before GC invocations=158 (full 5):
 PSYoungGen      total 428544K, used 373338K [0x00000000e0000000, 0x0000000100000000, 0x0000000100000000)
  eden space 344576K, 100% used [0x00000000e0000000,0x00000000f5080000,0x00000000f5080000)
  from space 83968K, 34% used [0x00000000f9e80000,0x00000000fba968e0,0x00000000ff080000)
  to   space 79872K, 0% used [0x00000000f5080000,0x00000000f5080000,0x00000000f9e80000)
 ParOldGen       total 264704K, used 109947K [0x00000000a0000000, 0x00000000b0280000, 0x00000000e0000000)
  object space 264704K, 41% used [0x00000000a0000000,0x00000000a6b5ef68,0x00000000b0280000)
 Metaspace       used 89432K, capacity 99938K, committed 102036K, reserved 1136640K
  class space    used 11137K, capacity 13850K, committed 14268K, reserved 1048576K
Event: 9003.699 GC heap after
Heap after GC invocations=158 (full 5):
 PSYoungGen      total 345088K, used 12042K [0x00000000e0000000, 0x00000000fdf00000, 0x0000000100000000)
  eden space 332800K, 0% used [0x00000000e0000000,0x00000000e0000000,0x00000000f4500000)
  from space 12288K, 98% used [0x00000000f5080000,0x00000000f5c42a68,0x00000000f5c80000)
  to   space 78848K, 0% used [0x00000000f9200000,0x00000000f9200000,0x00000000fdf00000)
 ParOldGen       total 264704K, used 110587K [0x00000000a0000000, 0x00000000b0280000, 0x00000000e0000000)
  object space 264704K, 41% used [0x00000000a0000000,0x00000000a6bfef68,0x00000000b0280000)
 Metaspace       used 89432K, capacity 99938K, committed 102036K, reserved 1136640K
  class space    used 11137K, capacity 13850K, committed 14268K, reserved 1048576K
}

