# JRE version: Java(TM) SE Runtime Environment (8.0_101-b13) (build 1.8.0_101-b13)
# Java VM: Java HotSpot(TM) 64-Bit Server VM (25.101-b13 mixed mode windows-amd64 compressed oops)
Heap:
 PSYoungGen      total 451072K, used 337331K [0x00000000e0000000, 0x00000000ffd00000, 0x0000000100000000)
  eden space 377856K, 82% used [0x00000000e0000000,0x00000000f306ae88,0x00000000f7100000)
  from space 73216K, 34% used [0x00000000f7100000,0x00000000f8a01fc8,0x00000000fb880000)
  to   space 68608K, 0% used [0x00000000fba00000,0x00000000fba00000,0x00000000ffd00000)
 ParOldGen       total 205312K, used 142810K [0x00000000a0000000, 0x00000000ac880000, 0x00000000e0000000)
  object space 205312K, 69% used [0x00000000a0000000,0x00000000a8b768e8,0x00000000ac880000)
 Metaspace       used 71185K, capacity 73973K, committed 74152K, reserved 1114112K
  class space    used 9306K, capacity 9895K, committed 9904K, reserved 1048576K
GC Heap History (10 events):
Event: 25.847 GC heap before
{Heap before GC invocations=20 (full 3):
 PSYoungGen      total 394240K, used 380300K [0x00000000e0000000, 0x00000000fc900000, 0x0000000100000000)
  eden space 330752K, 99% used [0x00000000e0000000,0x00000000f42f77a8,0x00000000f4300000)
  from space 63488K, 78% used [0x00000000f8780000,0x00000000fb7ebaa8,0x00000000fc580000)
  to   space 68608K, 0% used [0x00000000f4300000,0x00000000f4300000,0x00000000f8600000)
 ParOldGen       total 205312K, used 87021K [0x00000000a0000000, 0x00000000ac880000, 0x00000000e0000000)
  object space 205312K, 42% used [0x00000000a0000000,0x00000000a54fb758,0x00000000ac880000)
 Metaspace       used 58954K, capacity 61187K, committed 61352K, reserved 1101824K
  class space    used 8079K, capacity 8566K, committed 8624K, reserved 1048576K
Event: 25.868 GC heap after
Heap after GC invocations=20 (full 3):
 PSYoungGen      total 399360K, used 8595K [0x00000000e0000000, 0x0000000100000000, 0x0000000100000000)
  eden space 330752K, 0% used [0x00000000e0000000,0x00000000e0000000,0x00000000f4300000)
  from space 68608K, 12% used [0x00000000f4300000,0x00000000f4b64cc8,0x00000000f8600000)
  to   space 67584K, 0% used [0x00000000fbe00000,0x00000000fbe00000,0x0000000100000000)
 ParOldGen       total 205312K, used 115362K [0x00000000a0000000, 0x00000000ac880000, 0x00000000e0000000)
  object space 205312K, 56% used [0x00000000a0000000,0x00000000a70a88e0,0x00000000ac880000)
 Metaspace       used 58954K, capacity 61187K, committed 61352K, reserved 1101824K
  class space    used 8079K, capacity 8566K, committed 8624K, reserved 1048576K
}
Event: 26.555 GC heap before
{Heap before GC invocations=21 (full 3):
 PSYoungGen      total 399360K, used 339123K [0x00000000e0000000, 0x0000000100000000, 0x0000000100000000)
  eden space 330752K, 99% used [0x00000000e0000000,0x00000000f42c8228,0x00000000f4300000)
  from space 68608K, 12% used [0x00000000f4300000,0x00000000f4b64cc8,0x00000000f8600000)
  to   space 67584K, 0% used [0x00000000fbe00000,0x00000000fbe00000,0x0000000100000000)
 ParOldGen       total 205312K, used 115362K [0x00000000a0000000, 0x00000000ac880000, 0x00000000e0000000)
  object space 205312K, 56% used [0x00000000a0000000,0x00000000a70a88e0,0x00000000ac880000)
 Metaspace       used 58983K, capacity 61191K, committed 61352K, reserved 1101824K
  class space    used 8081K, capacity 8568K, committed 8624K, reserved 1048576K
Event: 26.559 GC heap after
Heap after GC invocations=21 (full 3):
 PSYoungGen      total 454656K, used 1673K [0x00000000e0000000, 0x00000000fff00000, 0x0000000100000000)
  eden space 388096K, 0% used [0x00000000e0000000,0x00000000e0000000,0x00000000f7b00000)
  from space 66560K, 2% used [0x00000000fbe00000,0x00000000fbfa27f0,0x00000000fff00000)
  to   space 67584K, 0% used [0x00000000f7b00000,0x00000000f7b00000,0x00000000fbd00000)
 ParOldGen       total 205312K, used 118815K [0x00000000a0000000, 0x00000000ac880000, 0x00000000e0000000)
  object space 205312K, 57% used [0x00000000a0000000,0x00000000a7407fb0,0x00000000ac880000)
 Metaspace       used 58983K, capacity 61191K, committed 61352K, reserved 1101824K
  class space    used 8081K, capacity 8568K, committed 8624K, reserved 1048576K
}
Event: 26.995 GC heap before
{Heap before GC invocations=22 (full 3):
 PSYoungGen      total 454656K, used 389769K [0x00000000e0000000, 0x00000000fff00000, 0x0000000100000000)
  eden space 388096K, 100% used [0x00000000e0000000,0x00000000f7b00000,0x00000000f7b00000)
  from space 66560K, 2% used [0x00000000fbe00000,0x00000000fbfa27f0,0x00000000fff00000)
  to   space 67584K, 0% used [0x00000000f7b00000,0x00000000f7b00000,0x00000000fbd00000)
 ParOldGen       total 205312K, used 118815K [0x00000000a0000000, 0x00000000ac880000, 0x00000000e0000000)
  object space 205312K, 57% used [0x00000000a0000000,0x00000000a7407fb0,0x00000000ac880000)
 Metaspace       used 59082K, capacity 61317K, committed 61352K, reserved 1101824K
  class space    used 8099K, capacity 8607K, committed 8624K, reserved 1048576K
Event: 26.998 GC heap after
Heap after GC invocations=22 (full 3):
 PSYoungGen      total 455680K, used 609K [0x00000000e0000000, 0x0000000100000000, 0x0000000100000000)
  eden space 388096K, 0% used [0x00000000e0000000,0x00000000e0000000,0x00000000f7b00000)
  from space 67584K, 0% used [0x00000000f7b00000,0x00000000f7b98728,0x00000000fbd00000)
  to   space 67072K, 0% used [0x00000000fbe80000,0x00000000fbe80000,0x0000000100000000)
 ParOldGen       total 205312K, used 119674K [0x00000000a0000000, 0x00000000ac880000, 0x00000000e0000000)
  object space 205312K, 58% used [0x00000000a0000000,0x00000000a74de860,0x00000000ac880000)
 Metaspace       used 59082K, capacity 61317K, committed 61352K, reserved 1101824K
  class space    used 8099K, capacity 8607K, committed 8624K, reserved 1048576K
}
Event: 128.893 GC heap before
{Heap before GC invocations=23 (full 3):
 PSYoungGen      total 455680K, used 388705K [0x00000000e0000000, 0x0000000100000000, 0x0000000100000000)
  eden space 388096K, 100% used [0x00000000e0000000,0x00000000f7b00000,0x00000000f7b00000)
  from space 67584K, 0% used [0x00000000f7b00000,0x00000000f7b98728,0x00000000fbd00000)
  to   space 67072K, 0% used [0x00000000fbe80000,0x00000000fbe80000,0x0000000100000000)
 ParOldGen       total 205312K, used 119674K [0x00000000a0000000, 0x00000000ac880000, 0x00000000e0000000)
  object space 205312K, 58% used [0x00000000a0000000,0x00000000a74de860,0x00000000ac880000)
 Metaspace       used 69265K, capacity 71897K, committed 72104K, reserved 1112064K
  class space    used 9237K, capacity 9817K, committed 9904K, reserved 1048576K
Event: 128.936 GC heap after
Heap after GC invocations=23 (full 3):
 PSYoungGen      total 444928K, used 49199K [0x00000000e0000000, 0x0000000100000000, 0x0000000100000000)
  eden space 377856K, 0% used [0x00000000e0000000,0x00000000e0000000,0x00000000f7100000)
  from space 67072K, 73% used [0x00000000fbe80000,0x00000000fee8bfd8,0x0000000100000000)
  to   space 73216K, 0% used [0x00000000f7100000,0x00000000f7100000,0x00000000fb880000)
 ParOldGen       total 205312K, used 119891K [0x00000000a0000000, 0x00000000ac880000, 0x00000000e0000000)
  object space 205312K, 58% used [0x00000000a0000000,0x00000000a7514f98,0x00000000ac880000)
 Metaspace       used 69265K, capacity 71897K, committed 72104K, reserved 1112064K
  class space    used 9237K, capacity 9817K, committed 9904K, reserved 1048576K
}
Event: 154.804 GC heap before
{Heap before GC invocations=24 (full 3):
 PSYoungGen      total 444928K, used 427055K [0x00000000e0000000, 0x0000000100000000, 0x0000000100000000)
  eden space 377856K, 100% used [0x00000000e0000000,0x00000000f7100000,0x00000000f7100000)
  from space 67072K, 73% used [0x00000000fbe80000,0x00000000fee8bfd8,0x0000000100000000)
  to   space 73216K, 0% used [0x00000000f7100000,0x00000000f7100000,0x00000000fb880000)
 ParOldGen       total 205312K, used 119891K [0x00000000a0000000, 0x00000000ac880000, 0x00000000e0000000)
  object space 205312K, 58% used [0x00000000a0000000,0x00000000a7514f98,0x00000000ac880000)
 Metaspace       used 71002K, capacity 73717K, committed 73896K, reserved 1114112K
  class space    used 9304K, capacity 9895K, committed 9904K, reserved 1048576K
Event: 154.848 GC heap after
Heap after GC invocations=24 (full 3):
 PSYoungGen      total 451072K, used 25607K [0x00000000e0000000, 0x00000000ffd00000, 0x0000000100000000)
  eden space 377856K, 0% used [0x00000000e0000000,0x00000000e0000000,0x00000000f7100000)
  from space 73216K, 34% used [0x00000000f7100000,0x00000000f8a01fc8,0x00000000fb880000)
  to   space 68608K, 0% used [0x00000000fba00000,0x00000000fba00000,0x00000000ffd00000)
 ParOldGen       total 205312K, used 142810K [0x00000000a0000000, 0x00000000ac880000, 0x00000000e0000000)
  object space 205312K, 69% used [0x00000000a0000000,0x00000000a8b768e8,0x00000000ac880000)
 Metaspace       used 71002K, capacity 73717K, committed 73896K, reserved 1114112K
  class space    used 9304K, capacity 9895K, committed 9904K, reserved 1048576K
}

