# JRE version: Java(TM) SE Runtime Environment (8.0_101-b13) (build 1.8.0_101-b13)
# Java VM: Java HotSpot(TM) 64-Bit Server VM (25.101-b13 mixed mode windows-amd64 compressed oops)
Heap:
 PSYoungGen      total 400384K, used 135946K [0x00000000e0000000, 0x00000000ff780000, 0x0000000100000000)
  eden space 285184K, 38% used [0x00000000e0000000,0x00000000e6b79418,0x00000000f1680000)
  from space 115200K, 22% used [0x00000000f8580000,0x00000000f9ec9600,0x00000000ff600000)
  to   space 113664K, 0% used [0x00000000f1680000,0x00000000f1680000,0x00000000f8580000)
 ParOldGen       total 394240K, used 231299K [0x00000000a0000000, 0x00000000b8100000, 0x00000000e0000000)
  object space 394240K, 58% used [0x00000000a0000000,0x00000000ae1e0d28,0x00000000b8100000)
 Metaspace       used 96213K, capacity 104254K, committed 105240K, reserved 1140736K
  class space    used 12169K, capacity 13927K, committed 14128K, reserved 1048576K
GC Heap History (10 events):
Event: 7169.813 GC heap before
{Heap before GC invocations=95 (full 6):
 PSYoungGen      total 403456K, used 327512K [0x00000000e0000000, 0x0000000100000000, 0x0000000100000000)
  eden space 278528K, 100% used [0x00000000e0000000,0x00000000f1000000,0x00000000f1000000)
  from space 124928K, 39% used [0x00000000f8600000,0x00000000fb5d61b0,0x0000000100000000)
  to   space 120832K, 0% used [0x00000000f1000000,0x00000000f1000000,0x00000000f8600000)
 ParOldGen       total 320512K, used 219291K [0x00000000a0000000, 0x00000000b3900000, 0x00000000e0000000)
  object space 320512K, 68% used [0x00000000a0000000,0x00000000ad626d88,0x00000000b3900000)
 Metaspace       used 96196K, capacity 104254K, committed 105240K, reserved 1140736K
  class space    used 12168K, capacity 13927K, committed 14128K, reserved 1048576K
Event: 7169.838 GC heap after
Heap after GC invocations=95 (full 6):
 PSYoungGen      total 311808K, used 32781K [0x00000000e0000000, 0x00000000ffa00000, 0x0000000100000000)
  eden space 278528K, 0% used [0x00000000e0000000,0x00000000e0000000,0x00000000f1000000)
  from space 33280K, 98% used [0x00000000f1000000,0x00000000f3003448,0x00000000f3080000)
  to   space 119808K, 0% used [0x00000000f8500000,0x00000000f8500000,0x00000000ffa00000)
 ParOldGen       total 320512K, used 245169K [0x00000000a0000000, 0x00000000b3900000, 0x00000000e0000000)
  object space 320512K, 76% used [0x00000000a0000000,0x00000000aef6c548,0x00000000b3900000)
 Metaspace       used 96196K, capacity 104254K, committed 105240K, reserved 1140736K
  class space    used 12168K, capacity 13927K, committed 14128K, reserved 1048576K
}
Event: 7170.518 GC heap before
{Heap before GC invocations=96 (full 6):
 PSYoungGen      total 311808K, used 304864K [0x00000000e0000000, 0x00000000ffa00000, 0x0000000100000000)
  eden space 278528K, 97% used [0x00000000e0000000,0x00000000f09b4cf8,0x00000000f1000000)
  from space 33280K, 98% used [0x00000000f1000000,0x00000000f3003448,0x00000000f3080000)
  to   space 119808K, 0% used [0x00000000f8500000,0x00000000f8500000,0x00000000ffa00000)
 ParOldGen       total 320512K, used 245169K [0x00000000a0000000, 0x00000000b3900000, 0x00000000e0000000)
  object space 320512K, 76% used [0x00000000a0000000,0x00000000aef6c548,0x00000000b3900000)
 Metaspace       used 96202K, capacity 104254K, committed 105240K, reserved 1140736K
  class space    used 12168K, capacity 13927K, committed 14128K, reserved 1048576K
Event: 7170.622 GC heap after
Heap after GC invocations=96 (full 6):
 PSYoungGen      total 397312K, used 14448K [0x00000000e0000000, 0x0000000100000000, 0x0000000100000000)
  eden space 277504K, 0% used [0x00000000e0000000,0x00000000e0000000,0x00000000f0f00000)
  from space 119808K, 12% used [0x00000000f8500000,0x00000000f931c010,0x00000000ffa00000)
  to   space 120832K, 0% used [0x00000000f0f00000,0x00000000f0f00000,0x00000000f8500000)
 ParOldGen       total 417792K, used 410575K [0x00000000a0000000, 0x00000000b9800000, 0x00000000e0000000)
  object space 417792K, 98% used [0x00000000a0000000,0x00000000b90f3e18,0x00000000b9800000)
 Metaspace       used 96202K, capacity 104254K, committed 105240K, reserved 1140736K
  class space    used 12168K, capacity 13927K, committed 14128K, reserved 1048576K
}
Event: 7170.622 GC heap before
{Heap before GC invocations=97 (full 7):
 PSYoungGen      total 397312K, used 14448K [0x00000000e0000000, 0x0000000100000000, 0x0000000100000000)
  eden space 277504K, 0% used [0x00000000e0000000,0x00000000e0000000,0x00000000f0f00000)
  from space 119808K, 12% used [0x00000000f8500000,0x00000000f931c010,0x00000000ffa00000)
  to   space 120832K, 0% used [0x00000000f0f00000,0x00000000f0f00000,0x00000000f8500000)
 ParOldGen       total 417792K, used 410575K [0x00000000a0000000, 0x00000000b9800000, 0x00000000e0000000)
  object space 417792K, 98% used [0x00000000a0000000,0x00000000b90f3e18,0x00000000b9800000)
 Metaspace       used 96202K, capacity 104254K, committed 105240K, reserved 1140736K
  class space    used 12168K, capacity 13927K, committed 14128K, reserved 1048576K
Event: 7170.829 GC heap after
Heap after GC invocations=97 (full 7):
 PSYoungGen      total 397312K, used 0K [0x00000000e0000000, 0x0000000100000000, 0x0000000100000000)
  eden space 277504K, 0% used [0x00000000e0000000,0x00000000e0000000,0x00000000f0f00000)
  from space 119808K, 0% used [0x00000000f8500000,0x00000000f8500000,0x00000000ffa00000)
  to   space 120832K, 0% used [0x00000000f0f00000,0x00000000f0f00000,0x00000000f8500000)
 ParOldGen       total 394240K, used 182755K [0x00000000a0000000, 0x00000000b8100000, 0x00000000e0000000)
  object space 394240K, 46% used [0x00000000a0000000,0x00000000ab278ef0,0x00000000b8100000)
 Metaspace       used 96202K, capacity 104254K, committed 105240K, reserved 1140736K
  class space    used 12168K, capacity 13927K, committed 14128K, reserved 1048576K
}
Event: 7176.387 GC heap before
{Heap before GC invocations=98 (full 7):
 PSYoungGen      total 397312K, used 277504K [0x00000000e0000000, 0x0000000100000000, 0x0000000100000000)
  eden space 277504K, 100% used [0x00000000e0000000,0x00000000f0f00000,0x00000000f0f00000)
  from space 119808K, 0% used [0x00000000f8500000,0x00000000f8500000,0x00000000ffa00000)
  to   space 120832K, 0% used [0x00000000f0f00000,0x00000000f0f00000,0x00000000f8500000)
 ParOldGen       total 394240K, used 182755K [0x00000000a0000000, 0x00000000b8100000, 0x00000000e0000000)
  object space 394240K, 46% used [0x00000000a0000000,0x00000000ab278ef0,0x00000000b8100000)
 Metaspace       used 96212K, capacity 104254K, committed 105240K, reserved 1140736K
  class space    used 12169K, capacity 13927K, committed 14128K, reserved 1048576K
Event: 7176.417 GC heap after
Heap after GC invocations=98 (full 7):
 PSYoungGen      total 398336K, used 48620K [0x00000000e0000000, 0x00000000ff600000, 0x0000000100000000)
  eden space 277504K, 0% used [0x00000000e0000000,0x00000000e0000000,0x00000000f0f00000)
  from space 120832K, 40% used [0x00000000f0f00000,0x00000000f3e7b2d8,0x00000000f8500000)
  to   space 115200K, 0% used [0x00000000f8580000,0x00000000f8580000,0x00000000ff600000)
 ParOldGen       total 394240K, used 182755K [0x00000000a0000000, 0x00000000b8100000, 0x00000000e0000000)
  object space 394240K, 46% used [0x00000000a0000000,0x00000000ab278ef0,0x00000000b8100000)
 Metaspace       used 96212K, capacity 104254K, committed 105240K, reserved 1140736K
  class space    used 12169K, capacity 13927K, committed 14128K, reserved 1048576K
}
Event: 7179.148 GC heap before
{Heap before GC invocations=99 (full 7):
 PSYoungGen      total 398336K, used 326124K [0x00000000e0000000, 0x00000000ff600000, 0x0000000100000000)
  eden space 277504K, 100% used [0x00000000e0000000,0x00000000f0f00000,0x00000000f0f00000)
  from space 120832K, 40% used [0x00000000f0f00000,0x00000000f3e7b2d8,0x00000000f8500000)
  to   space 115200K, 0% used [0x00000000f8580000,0x00000000f8580000,0x00000000ff600000)
 ParOldGen       total 394240K, used 182755K [0x00000000a0000000, 0x00000000b8100000, 0x00000000e0000000)
  object space 394240K, 46% used [0x00000000a0000000,0x00000000ab278ef0,0x00000000b8100000)
 Metaspace       used 96213K, capacity 104254K, committed 105240K, reserved 1140736K
  class space    used 12169K, capacity 13927K, committed 14128K, reserved 1048576K
Event: 7179.172 GC heap after
Heap after GC invocations=99 (full 7):
 PSYoungGen      total 400384K, used 25893K [0x00000000e0000000, 0x00000000ff780000, 0x0000000100000000)
  eden space 285184K, 0% used [0x00000000e0000000,0x00000000e0000000,0x00000000f1680000)
  from space 115200K, 22% used [0x00000000f8580000,0x00000000f9ec9600,0x00000000ff600000)
  to   space 113664K, 0% used [0x00000000f1680000,0x00000000f1680000,0x00000000f8580000)
 ParOldGen       total 394240K, used 231299K [0x00000000a0000000, 0x00000000b8100000, 0x00000000e0000000)
  object space 394240K, 58% used [0x00000000a0000000,0x00000000ae1e0d28,0x00000000b8100000)
 Metaspace       used 96213K, capacity 104254K, committed 105240K, reserved 1140736K
  class space    used 12169K, capacity 13927K, committed 14128K, reserved 1048576K
}

