# JRE version: OpenJDK Runtime Environment (8.0_152-b01) (build 1.8.0_152-release-915-b01)
# Java VM: OpenJDK 64-Bit Server VM (25.152-b01 mixed mode windows-amd64 compressed oops)
Heap:
 PSYoungGen      total 473600K, used 243094K [0x00000000e0000000, 0x00000000ff900000, 0x0000000100000000)
  eden space 434176K, 52% used [0x00000000e0000000,0x00000000ede02b40,0x00000000fa800000)
  from space 39424K, 39% used [0x00000000fd280000,0x00000000fe1e2fc8,0x00000000ff900000)
  to   space 41472K, 0% used [0x00000000fa800000,0x00000000fa800000,0x00000000fd080000)
 ParOldGen       total 282112K, used 183153K [0x00000000a0000000, 0x00000000b1380000, 0x00000000e0000000)
  object space 282112K, 64% used [0x00000000a0000000,0x00000000ab2dc7b8,0x00000000b1380000)
 Metaspace       used 87327K, capacity 91662K, committed 91736K, reserved 1128448K
  class space    used 10880K, capacity 11884K, committed 11904K, reserved 1048576K
GC Heap History (10 events):
Event: 385.908 GC heap before
{Heap before GC invocations=32 (full 4):
 PSYoungGen      total 464384K, used 432573K [0x00000000e0000000, 0x00000000ffe00000, 0x0000000100000000)
  eden space 410624K, 100% used [0x00000000e0000000,0x00000000f9100000,0x00000000f9100000)
  from space 53760K, 40% used [0x00000000f9100000,0x00000000fa66f6f0,0x00000000fc580000)
  to   space 51712K, 0% used [0x00000000fcb80000,0x00000000fcb80000,0x00000000ffe00000)
 ParOldGen       total 282112K, used 155855K [0x00000000a0000000, 0x00000000b1380000, 0x00000000e0000000)
  object space 282112K, 55% used [0x00000000a0000000,0x00000000a9833c18,0x00000000b1380000)
 Metaspace       used 87047K, capacity 91342K, committed 91480K, reserved 1128448K
  class space    used 10876K, capacity 11884K, committed 11904K, reserved 1048576K
Event: 385.928 GC heap after
Heap after GC invocations=32 (full 4):
 PSYoungGen      total 467456K, used 9912K [0x00000000e0000000, 0x00000000ffb00000, 0x0000000100000000)
  eden space 418816K, 0% used [0x00000000e0000000,0x00000000e0000000,0x00000000f9900000)
  from space 48640K, 20% used [0x00000000fcb80000,0x00000000fd52e0b0,0x00000000ffb00000)
  to   space 50176K, 0% used [0x00000000f9900000,0x00000000f9900000,0x00000000fca00000)
 ParOldGen       total 282112K, used 164513K [0x00000000a0000000, 0x00000000b1380000, 0x00000000e0000000)
  object space 282112K, 58% used [0x00000000a0000000,0x00000000aa0a8448,0x00000000b1380000)
 Metaspace       used 87047K, capacity 91342K, committed 91480K, reserved 1128448K
  class space    used 10876K, capacity 11884K, committed 11904K, reserved 1048576K
}
Event: 386.459 GC heap before
{Heap before GC invocations=33 (full 4):
 PSYoungGen      total 467456K, used 428728K [0x00000000e0000000, 0x00000000ffb00000, 0x0000000100000000)
  eden space 418816K, 100% used [0x00000000e0000000,0x00000000f9900000,0x00000000f9900000)
  from space 48640K, 20% used [0x00000000fcb80000,0x00000000fd52e0b0,0x00000000ffb00000)
  to   space 50176K, 0% used [0x00000000f9900000,0x00000000f9900000,0x00000000fca00000)
 ParOldGen       total 282112K, used 164513K [0x00000000a0000000, 0x00000000b1380000, 0x00000000e0000000)
  object space 282112K, 58% used [0x00000000a0000000,0x00000000aa0a8448,0x00000000b1380000)
 Metaspace       used 87220K, capacity 91534K, committed 91736K, reserved 1128448K
  class space    used 10876K, capacity 11884K, committed 11904K, reserved 1048576K
Event: 386.473 GC heap after
Heap after GC invocations=33 (full 4):
 PSYoungGen      total 468992K, used 9200K [0x00000000e0000000, 0x00000000ffd80000, 0x0000000100000000)
  eden space 418816K, 0% used [0x00000000e0000000,0x00000000e0000000,0x00000000f9900000)
  from space 50176K, 18% used [0x00000000f9900000,0x00000000fa1fc0e0,0x00000000fca00000)
  to   space 48128K, 0% used [0x00000000fce80000,0x00000000fce80000,0x00000000ffd80000)
 ParOldGen       total 282112K, used 169737K [0x00000000a0000000, 0x00000000b1380000, 0x00000000e0000000)
  object space 282112K, 60% used [0x00000000a0000000,0x00000000aa5c25c8,0x00000000b1380000)
 Metaspace       used 87220K, capacity 91534K, committed 91736K, reserved 1128448K
  class space    used 10876K, capacity 11884K, committed 11904K, reserved 1048576K
}
Event: 387.038 GC heap before
{Heap before GC invocations=34 (full 4):
 PSYoungGen      total 468992K, used 428016K [0x00000000e0000000, 0x00000000ffd80000, 0x0000000100000000)
  eden space 418816K, 100% used [0x00000000e0000000,0x00000000f9900000,0x00000000f9900000)
  from space 50176K, 18% used [0x00000000f9900000,0x00000000fa1fc0e0,0x00000000fca00000)
  to   space 48128K, 0% used [0x00000000fce80000,0x00000000fce80000,0x00000000ffd80000)
 ParOldGen       total 282112K, used 169737K [0x00000000a0000000, 0x00000000b1380000, 0x00000000e0000000)
  object space 282112K, 60% used [0x00000000a0000000,0x00000000aa5c25c8,0x00000000b1380000)
 Metaspace       used 87291K, capacity 91598K, committed 91736K, reserved 1128448K
  class space    used 10879K, capacity 11884K, committed 11904K, reserved 1048576K
Event: 387.057 GC heap after
Heap after GC invocations=34 (full 4):
 PSYoungGen      total 470528K, used 11616K [0x00000000e0000000, 0x00000000ffa00000, 0x0000000100000000)
  eden space 425984K, 0% used [0x00000000e0000000,0x00000000e0000000,0x00000000fa000000)
  from space 44544K, 26% used [0x00000000fce80000,0x00000000fd9d8140,0x00000000ffa00000)
  to   space 46080K, 0% used [0x00000000fa000000,0x00000000fa000000,0x00000000fcd00000)
 ParOldGen       total 282112K, used 174097K [0x00000000a0000000, 0x00000000b1380000, 0x00000000e0000000)
  object space 282112K, 61% used [0x00000000a0000000,0x00000000aaa04708,0x00000000b1380000)
 Metaspace       used 87291K, capacity 91598K, committed 91736K, reserved 1128448K
  class space    used 10879K, capacity 11884K, committed 11904K, reserved 1048576K
}
Event: 387.671 GC heap before
{Heap before GC invocations=35 (full 4):
 PSYoungGen      total 470528K, used 437600K [0x00000000e0000000, 0x00000000ffa00000, 0x0000000100000000)
  eden space 425984K, 100% used [0x00000000e0000000,0x00000000fa000000,0x00000000fa000000)
  from space 44544K, 26% used [0x00000000fce80000,0x00000000fd9d8140,0x00000000ffa00000)
  to   space 46080K, 0% used [0x00000000fa000000,0x00000000fa000000,0x00000000fcd00000)
 ParOldGen       total 282112K, used 174097K [0x00000000a0000000, 0x00000000b1380000, 0x00000000e0000000)
  object space 282112K, 61% used [0x00000000a0000000,0x00000000aaa04708,0x00000000b1380000)
 Metaspace       used 87312K, capacity 91598K, committed 91736K, reserved 1128448K
  class space    used 10880K, capacity 11884K, committed 11904K, reserved 1048576K
Event: 387.695 GC heap after
Heap after GC invocations=35 (full 4):
 PSYoungGen      total 472064K, used 11872K [0x00000000e0000000, 0x00000000ffd80000, 0x0000000100000000)
  eden space 425984K, 0% used [0x00000000e0000000,0x00000000e0000000,0x00000000fa000000)
  from space 46080K, 25% used [0x00000000fa000000,0x00000000fab98170,0x00000000fcd00000)
  to   space 44032K, 0% used [0x00000000fd280000,0x00000000fd280000,0x00000000ffd80000)
 ParOldGen       total 282112K, used 178801K [0x00000000a0000000, 0x00000000b1380000, 0x00000000e0000000)
  object space 282112K, 63% used [0x00000000a0000000,0x00000000aae9c718,0x00000000b1380000)
 Metaspace       used 87312K, capacity 91598K, committed 91736K, reserved 1128448K
  class space    used 10880K, capacity 11884K, committed 11904K, reserved 1048576K
}
Event: 388.259 GC heap before
{Heap before GC invocations=36 (full 4):
 PSYoungGen      total 472064K, used 437856K [0x00000000e0000000, 0x00000000ffd80000, 0x0000000100000000)
  eden space 425984K, 100% used [0x00000000e0000000,0x00000000fa000000,0x00000000fa000000)
  from space 46080K, 25% used [0x00000000fa000000,0x00000000fab98170,0x00000000fcd00000)
  to   space 44032K, 0% used [0x00000000fd280000,0x00000000fd280000,0x00000000ffd80000)
 ParOldGen       total 282112K, used 178801K [0x00000000a0000000, 0x00000000b1380000, 0x00000000e0000000)
  object space 282112K, 63% used [0x00000000a0000000,0x00000000aae9c718,0x00000000b1380000)
 Metaspace       used 87324K, capacity 91662K, committed 91736K, reserved 1128448K
  class space    used 10880K, capacity 11884K, committed 11904K, reserved 1048576K
Event: 388.281 GC heap after
Heap after GC invocations=36 (full 4):
 PSYoungGen      total 473600K, used 15755K [0x00000000e0000000, 0x00000000ff900000, 0x0000000100000000)
  eden space 434176K, 0% used [0x00000000e0000000,0x00000000e0000000,0x00000000fa800000)
  from space 39424K, 39% used [0x00000000fd280000,0x00000000fe1e2fc8,0x00000000ff900000)
  to   space 41472K, 0% used [0x00000000fa800000,0x00000000fa800000,0x00000000fd080000)
 ParOldGen       total 282112K, used 183153K [0x00000000a0000000, 0x00000000b1380000, 0x00000000e0000000)
  object space 282112K, 64% used [0x00000000a0000000,0x00000000ab2dc7b8,0x00000000b1380000)
 Metaspace       used 87324K, capacity 91662K, committed 91736K, reserved 1128448K
  class space    used 10880K, capacity 11884K, committed 11904K, reserved 1048576K
}

